{
  "RSpec": {
    "coverage": {
      "/Users/maxstrivens/Documents/Programming/Projects/Ruby/makers_learning/week_5/airbnb/makersbnb_Pi_to_i/spec/features/features_spec.rb": {
        "lines": [
          1,
          1,
          null,
          1,
          1,
          1,
          1,
          null,
          1,
          null,
          null,
          1,
          1,
          1,
          null,
          1,
          null,
          null
        ]
      },
      "/Users/maxstrivens/Documents/Programming/Projects/Ruby/makers_learning/week_5/airbnb/makersbnb_Pi_to_i/spec/features/list_space_spec.rb": {
        "lines": [
          1,
          null,
          1,
          1,
          1,
          1,
          1,
          1,
          1,
          null,
          1,
          1,
          1,
          1,
          null,
          null
        ]
      },
      "/Users/maxstrivens/Documents/Programming/Projects/Ruby/makers_learning/week_5/airbnb/makersbnb_Pi_to_i/spec/features/sign_in_spec.rb": {
        "lines": [
          1,
          null,
          1,
          1,
          1,
          1,
          1,
          1,
          1,
          1,
          null,
          1,
          1,
          null,
          null
        ]
      },
      "/Users/maxstrivens/Documents/Programming/Projects/Ruby/makers_learning/week_5/airbnb/makersbnb_Pi_to_i/spec/features/sign_up_spec.rb": {
        "lines": [
          1,
          null,
          1,
          1,
          1,
          1,
          1,
          1,
          null,
          1,
          1,
          null,
          null
        ]
      },
      "/Users/maxstrivens/Documents/Programming/Projects/Ruby/makers_learning/week_5/airbnb/makersbnb_Pi_to_i/spec/units/spaces_spec.rb": {
        "lines": [

        ]
      },
      "/Users/maxstrivens/Documents/Programming/Projects/Ruby/makers_learning/week_5/airbnb/makersbnb_Pi_to_i/spec/units/user_spec.rb": {
        "lines": [
          1,
          null,
          1,
          null,
          1,
          1,
          1,
          1,
          1,
          2,
          1,
          null,
          null,
          null,
          1,
          1,
          1,
          1,
          1,
          null,
          null
        ]
      },
      "/Users/maxstrivens/Documents/Programming/Projects/Ruby/makers_learning/week_5/airbnb/makersbnb_Pi_to_i/lib/users.rb": {
        "lines": [
          1,
          1,
          null,
          1,
          1,
          1,
          1,
          null,
          null,
          null,
          1,
          2,
          2,
          null,
          null,
          1,
          1,
          1,
          1,
          null,
          null,
          null,
          null,
          null,
          null,
          null,
          null,
          null,
          1,
          1,
          3,
          3,
          null,
          0,
          null,
          null,
          null
        ]
      }
    },
    "timestamp": 1617186426
  }
}
