{
  "RSpec": {
    "coverage": {
      "/Users/david/Projects/Week5/MakersBnB/makersbnb_Pi_to_i/spec/features/features_spec.rb": {
        "lines": [
          1,
          1,
          null,
          1,
          1,
          1,
          1,
          null,
          null
        ]
      },
      "/Users/david/Projects/Week5/MakersBnB/makersbnb_Pi_to_i/spec/features/sign_up_spec.rb": {
        "lines": [
          1,
          null,
          1,
          1,
          1,
          1,
          1,
          1,
          null,
          1,
          1,
          null,
          null
        ]
      },
      "/Users/david/Projects/Week5/MakersBnB/makersbnb_Pi_to_i/spec/spaces_spec.rb": {
        "lines": [

        ]
      },
      "/Users/david/Projects/Week5/MakersBnB/makersbnb_Pi_to_i/spec/user_spec.rb": {
        "lines": [

        ]
      }
    },
    "timestamp": 1617112187
  }
}
